<?xml version="1.0" encoding="UTF-8"?>
<testsuite name="integration.com.test.searchService.ProductsIntegrationTest" tests="1" skipped="0" failures="0" errors="0" timestamp="2020-11-07T13:47:25" hostname="CL-IT00308" time="0.504">
  <properties/>
  <testcase name="corsWithAnnotation()" classname="integration.com.test.searchService.ProductsIntegrationTest" time="0.504"/>
  <system-out><![CDATA[10:47:20.170 [Test worker] DEBUG org.springframework.test.context.BootstrapUtils - Instantiating CacheAwareContextLoaderDelegate from class [org.springframework.test.context.cache.DefaultCacheAwareContextLoaderDelegate]
10:47:20.186 [Test worker] DEBUG org.springframework.test.context.BootstrapUtils - Instantiating BootstrapContext using constructor [public org.springframework.test.context.support.DefaultBootstrapContext(java.lang.Class,org.springframework.test.context.CacheAwareContextLoaderDelegate)]
10:47:20.226 [Test worker] DEBUG org.springframework.test.context.BootstrapUtils - Instantiating TestContextBootstrapper for test class [integration.com.test.searchService.ProductsIntegrationTest] from class [org.springframework.boot.test.context.SpringBootTestContextBootstrapper]
10:47:20.257 [Test worker] DEBUG org.springframework.test.context.support.AbstractContextLoader - Did not detect default resource location for test class [integration.com.test.searchService.ProductsIntegrationTest]: class path resource [integration/com/test/searchService/ProductsIntegrationTest-context.xml] does not exist
10:47:20.259 [Test worker] DEBUG org.springframework.test.context.support.AbstractContextLoader - Did not detect default resource location for test class [integration.com.test.searchService.ProductsIntegrationTest]: class path resource [integration/com/test/searchService/ProductsIntegrationTestContext.groovy] does not exist
10:47:20.259 [Test worker] INFO org.springframework.test.context.support.AbstractContextLoader - Could not detect default resource locations for test class [integration.com.test.searchService.ProductsIntegrationTest]: no resource found for suffixes {-context.xml, Context.groovy}.
10:47:20.317 [Test worker] DEBUG org.springframework.test.context.support.ActiveProfilesUtils - Could not find an 'annotation declaring class' for annotation type [org.springframework.test.context.ActiveProfiles] and class [integration.com.test.searchService.ProductsIntegrationTest]
10:47:20.479 [Test worker] DEBUG org.springframework.boot.test.context.SpringBootTestContextBootstrapper - @TestExecutionListeners is not present for class [integration.com.test.searchService.ProductsIntegrationTest]: using defaults.
10:47:20.480 [Test worker] INFO org.springframework.boot.test.context.SpringBootTestContextBootstrapper - Loaded default TestExecutionListener class names from location [META-INF/spring.factories]: [org.springframework.boot.test.autoconfigure.restdocs.RestDocsTestExecutionListener, org.springframework.boot.test.autoconfigure.web.client.MockRestServiceServerResetTestExecutionListener, org.springframework.boot.test.autoconfigure.web.servlet.MockMvcPrintOnlyOnFailureTestExecutionListener, org.springframework.boot.test.autoconfigure.web.servlet.WebDriverTestExecutionListener, org.springframework.boot.test.autoconfigure.webservices.client.MockWebServiceServerTestExecutionListener, org.springframework.boot.test.mock.mockito.MockitoTestExecutionListener, org.springframework.boot.test.mock.mockito.ResetMocksTestExecutionListener, org.springframework.test.context.web.ServletTestExecutionListener, org.springframework.test.context.support.DirtiesContextBeforeModesTestExecutionListener, org.springframework.test.context.support.DependencyInjectionTestExecutionListener, org.springframework.test.context.support.DirtiesContextTestExecutionListener, org.springframework.test.context.transaction.TransactionalTestExecutionListener, org.springframework.test.context.jdbc.SqlScriptsTestExecutionListener, org.springframework.test.context.event.EventPublishingTestExecutionListener]
10:47:20.499 [Test worker] INFO org.springframework.boot.test.context.SpringBootTestContextBootstrapper - Using TestExecutionListeners: [org.springframework.test.context.web.ServletTestExecutionListener@21bf1f91, org.springframework.test.context.support.DirtiesContextBeforeModesTestExecutionListener@dc89761, org.springframework.boot.test.mock.mockito.MockitoTestExecutionListener@600b7d1b, org.springframework.boot.test.autoconfigure.SpringBootDependencyInjectionTestExecutionListener@7fea1724, org.springframework.test.context.support.DirtiesContextTestExecutionListener@2670dcdf, org.springframework.test.context.transaction.TransactionalTestExecutionListener@6fca34ef, org.springframework.test.context.jdbc.SqlScriptsTestExecutionListener@54926fa8, org.springframework.test.context.event.EventPublishingTestExecutionListener@7b6e0129, org.springframework.boot.test.autoconfigure.restdocs.RestDocsTestExecutionListener@5b58acbf, org.springframework.boot.test.autoconfigure.web.client.MockRestServiceServerResetTestExecutionListener@658b8677, org.springframework.boot.test.autoconfigure.web.servlet.MockMvcPrintOnlyOnFailureTestExecutionListener@22a35a41, org.springframework.boot.test.autoconfigure.web.servlet.WebDriverTestExecutionListener@294f7075, org.springframework.boot.test.autoconfigure.webservices.client.MockWebServiceServerTestExecutionListener@37ec0cb7, org.springframework.boot.test.mock.mockito.ResetMocksTestExecutionListener@eed8c03]
10:47:20.504 [Test worker] DEBUG org.springframework.test.context.support.AbstractDirtiesContextTestExecutionListener - Before test class: context [DefaultTestContext@71355413 testClass = ProductsIntegrationTest, testInstance = [null], testMethod = [null], testException = [null], mergedContextConfiguration = [WebMergedContextConfiguration@322612a0 testClass = ProductsIntegrationTest, locations = '{}', classes = '{class com.test.searchService.SearchServiceApplication, class com.test.searchService.domain.service.ProductsServiceImpl}', contextInitializerClasses = '[]', activeProfiles = '{}', propertySourceLocations = '{}', propertySourceProperties = '{org.springframework.boot.test.context.SpringBootTestContextBootstrapper=true}', contextCustomizers = set[org.springframework.boot.test.autoconfigure.properties.PropertyMappingContextCustomizer@0, org.springframework.boot.test.autoconfigure.web.servlet.WebDriverContextCustomizerFactory$Customizer@421c4c51, org.springframework.boot.test.context.filter.ExcludeFilterContextCustomizer@6d69354, org.springframework.boot.test.json.DuplicateJsonObjectContextCustomizerFactory$DuplicateJsonObjectContextCustomizer@4866e05e, org.springframework.boot.test.mock.mockito.MockitoContextCustomizer@9f1bc8af, org.springframework.boot.test.web.client.TestRestTemplateContextCustomizer@21171a69, org.springframework.boot.test.context.SpringBootTestArgs@1, org.springframework.boot.test.context.SpringBootTestWebEnvironment@2fc225f2], resourceBasePath = 'src/main/webapp', contextLoader = 'org.springframework.boot.test.context.SpringBootContextLoader', parent = [null]], attributes = map['org.springframework.test.context.web.ServletTestExecutionListener.activateListener' -> false]], class annotated with @DirtiesContext [false] with mode [null].
10:47:20.550 [Test worker] DEBUG org.springframework.test.context.support.TestPropertySourceUtils - Adding inlined properties to environment: {spring.jmx.enabled=false, org.springframework.boot.test.context.SpringBootTestContextBootstrapper=true}

  .   ____          _            __ _ _
 /\\ / ___'_ __ _ _(_)_ __  __ _ \ \ \ \
( ( )\___ | '_ | '_| | '_ \/ _` | \ \ \ \
 \\/  ___)| |_)| | | | | || (_| |  ) ) ) )
  '  |____| .__|_| |_|_| |_\__, | / / / /
 =========|_|==============|___/=/_/_/_/
 :: Spring Boot ::        (v2.3.5.RELEASE)

2020-11-07 10:47:20.935  INFO 33945 --- [    Test worker] i.c.t.s.ProductsIntegrationTest          : Starting ProductsIntegrationTest on CL-IT00308 with PID 33945 (started by marcos.heredia in /Users/marcos.heredia/Documents/worckspace/Marcos/testSearchService)
2020-11-07 10:47:20.937  INFO 33945 --- [    Test worker] i.c.t.s.ProductsIntegrationTest          : No active profile set, falling back to default profiles: default
2020-11-07 10:47:21.648  INFO 33945 --- [    Test worker] .s.d.r.c.RepositoryConfigurationDelegate : Bootstrapping Spring Data MongoDB repositories in DEFAULT mode.
2020-11-07 10:47:21.925  INFO 33945 --- [    Test worker] .s.d.r.c.RepositoryConfigurationDelegate : Finished Spring Data repository scanning in 270ms. Found 1 MongoDB repository interfaces.
2020-11-07 10:47:23.166  INFO 33945 --- [    Test worker] o.s.b.w.embedded.tomcat.TomcatWebServer  : Tomcat initialized with port(s): 8080 (http)
2020-11-07 10:47:23.184  INFO 33945 --- [    Test worker] o.apache.catalina.core.StandardService   : Starting service [Tomcat]
2020-11-07 10:47:23.185  INFO 33945 --- [    Test worker] org.apache.catalina.core.StandardEngine  : Starting Servlet engine: [Apache Tomcat/9.0.39]
2020-11-07 10:47:23.327  INFO 33945 --- [    Test worker] o.a.c.c.C.[Tomcat].[localhost].[/]       : Initializing Spring embedded WebApplicationContext
2020-11-07 10:47:23.327  INFO 33945 --- [    Test worker] w.s.c.ServletWebServerApplicationContext : Root WebApplicationContext: initialization completed in 2354 ms
2020-11-07 10:47:23.855  INFO 33945 --- [    Test worker] o.s.s.concurrent.ThreadPoolTaskExecutor  : Initializing ExecutorService 'applicationTaskExecutor'
2020-11-07 10:47:24.214  INFO 33945 --- [    Test worker] org.mongodb.driver.cluster               : Cluster created with settings {hosts=[localhost:27017], mode=SINGLE, requiredClusterType=UNKNOWN, serverSelectionTimeout='30000 ms'}
2020-11-07 10:47:24.321  INFO 33945 --- [localhost:27017] org.mongodb.driver.connection            : Opened connection [connectionId{localValue:1, serverValue:133}] to localhost:27017
2020-11-07 10:47:24.331  INFO 33945 --- [localhost:27017] org.mongodb.driver.cluster               : Monitor thread successfully connected to server with description ServerDescription{address=localhost:27017, type=STANDALONE, state=CONNECTED, ok=true, minWireVersion=0, maxWireVersion=6, maxDocumentSize=16777216, logicalSessionTimeoutMinutes=30, roundTripTimeNanos=7571721}
2020-11-07 10:47:25.100  INFO 33945 --- [    Test worker] o.s.b.w.embedded.tomcat.TomcatWebServer  : Tomcat started on port(s): 8080 (http) with context path ''
2020-11-07 10:47:25.116  INFO 33945 --- [    Test worker] i.c.t.s.ProductsIntegrationTest          : Started ProductsIntegrationTest in 4.56 seconds (JVM running for 6.143)
2020-11-07 10:47:25.430  INFO 33945 --- [nio-8080-exec-1] o.a.c.c.C.[Tomcat].[localhost].[/]       : Initializing Spring DispatcherServlet 'dispatcherServlet'
2020-11-07 10:47:25.430  INFO 33945 --- [nio-8080-exec-1] o.s.web.servlet.DispatcherServlet        : Initializing Servlet 'dispatcherServlet'
2020-11-07 10:47:25.475  INFO 33945 --- [nio-8080-exec-1] o.s.web.servlet.DispatcherServlet        : Completed initialization in 44 ms
]]></system-out>
  <system-err><![CDATA[]]></system-err>
</testsuite>
