<?xml version="1.0" encoding="UTF-8"?>
<testsuite name="com.test.searchService.domain.service.ProductsServiceImplTest" tests="10" skipped="0" failures="0" errors="0" timestamp="2020-11-07T14:12:30" hostname="CL-IT00308" time="0.166">
  <properties/>
  <testcase name="isPalindromeFalse()" classname="com.test.searchService.domain.service.ProductsServiceImplTest" time="0.103"/>
  <testcase name="isNumericTrue()" classname="com.test.searchService.domain.service.ProductsServiceImplTest" time="0.005"/>
  <testcase name="getProductsWithPalindromedIdThemReturnUneProduct()" classname="com.test.searchService.domain.service.ProductsServiceImplTest" time="0.012"/>
  <testcase name="getProductsWithDiscountThemUneReturn()" classname="com.test.searchService.domain.service.ProductsServiceImplTest" time="0.005"/>
  <testcase name="getProductsWithPalindromeLongIdThemUneReturn()" classname="com.test.searchService.domain.service.ProductsServiceImplTest" time="0.006"/>
  <testcase name="isPalindromeTrue()" classname="com.test.searchService.domain.service.ProductsServiceImplTest" time="0.006"/>
  <testcase name="getProductsWithIncorrectBrandThemReturnEmptyList()" classname="com.test.searchService.domain.service.ProductsServiceImplTest" time="0.005"/>
  <testcase name="isNumericFalse()" classname="com.test.searchService.domain.service.ProductsServiceImplTest" time="0.005"/>
  <testcase name="getProductsWithPalindromeBrandThemReturnList()" classname="com.test.searchService.domain.service.ProductsServiceImplTest" time="0.005"/>
  <testcase name="getProductsWithCorrectBrandThemReturnList()" classname="com.test.searchService.domain.service.ProductsServiceImplTest" time="0.005"/>
  <system-out><![CDATA[]]></system-out>
  <system-err><![CDATA[]]></system-err>
</testsuite>
