<?xml version="1.0" encoding="UTF-8"?>
<testsuite name="integration.com.test.searchService.ProductsIntegrationTest" tests="1" skipped="0" failures="0" errors="0" timestamp="2020-11-07T14:12:29" hostname="CL-IT00308" time="0.681">
  <properties/>
  <testcase name="corsWithAnnotation()" classname="integration.com.test.searchService.ProductsIntegrationTest" time="0.681"/>
  <system-out><![CDATA[11:12:23.317 [Test worker] DEBUG org.springframework.test.context.BootstrapUtils - Instantiating CacheAwareContextLoaderDelegate from class [org.springframework.test.context.cache.DefaultCacheAwareContextLoaderDelegate]
11:12:23.337 [Test worker] DEBUG org.springframework.test.context.BootstrapUtils - Instantiating BootstrapContext using constructor [public org.springframework.test.context.support.DefaultBootstrapContext(java.lang.Class,org.springframework.test.context.CacheAwareContextLoaderDelegate)]
11:12:23.385 [Test worker] DEBUG org.springframework.test.context.BootstrapUtils - Instantiating TestContextBootstrapper for test class [integration.com.test.searchService.ProductsIntegrationTest] from class [org.springframework.boot.test.context.SpringBootTestContextBootstrapper]
11:12:23.424 [Test worker] DEBUG org.springframework.test.context.support.AbstractContextLoader - Did not detect default resource location for test class [integration.com.test.searchService.ProductsIntegrationTest]: class path resource [integration/com/test/searchService/ProductsIntegrationTest-context.xml] does not exist
11:12:23.425 [Test worker] DEBUG org.springframework.test.context.support.AbstractContextLoader - Did not detect default resource location for test class [integration.com.test.searchService.ProductsIntegrationTest]: class path resource [integration/com/test/searchService/ProductsIntegrationTestContext.groovy] does not exist
11:12:23.425 [Test worker] INFO org.springframework.test.context.support.AbstractContextLoader - Could not detect default resource locations for test class [integration.com.test.searchService.ProductsIntegrationTest]: no resource found for suffixes {-context.xml, Context.groovy}.
11:12:23.500 [Test worker] DEBUG org.springframework.test.context.support.ActiveProfilesUtils - Could not find an 'annotation declaring class' for annotation type [org.springframework.test.context.ActiveProfiles] and class [integration.com.test.searchService.ProductsIntegrationTest]
11:12:23.701 [Test worker] DEBUG org.springframework.boot.test.context.SpringBootTestContextBootstrapper - @TestExecutionListeners is not present for class [integration.com.test.searchService.ProductsIntegrationTest]: using defaults.
11:12:23.702 [Test worker] INFO org.springframework.boot.test.context.SpringBootTestContextBootstrapper - Loaded default TestExecutionListener class names from location [META-INF/spring.factories]: [org.springframework.boot.test.autoconfigure.restdocs.RestDocsTestExecutionListener, org.springframework.boot.test.autoconfigure.web.client.MockRestServiceServerResetTestExecutionListener, org.springframework.boot.test.autoconfigure.web.servlet.MockMvcPrintOnlyOnFailureTestExecutionListener, org.springframework.boot.test.autoconfigure.web.servlet.WebDriverTestExecutionListener, org.springframework.boot.test.autoconfigure.webservices.client.MockWebServiceServerTestExecutionListener, org.springframework.boot.test.mock.mockito.MockitoTestExecutionListener, org.springframework.boot.test.mock.mockito.ResetMocksTestExecutionListener, org.springframework.test.context.web.ServletTestExecutionListener, org.springframework.test.context.support.DirtiesContextBeforeModesTestExecutionListener, org.springframework.test.context.support.DependencyInjectionTestExecutionListener, org.springframework.test.context.support.DirtiesContextTestExecutionListener, org.springframework.test.context.transaction.TransactionalTestExecutionListener, org.springframework.test.context.jdbc.SqlScriptsTestExecutionListener, org.springframework.test.context.event.EventPublishingTestExecutionListener]
11:12:23.729 [Test worker] INFO org.springframework.boot.test.context.SpringBootTestContextBootstrapper - Using TestExecutionListeners: [org.springframework.test.context.web.ServletTestExecutionListener@32c9e2f7, org.springframework.test.context.support.DirtiesContextBeforeModesTestExecutionListener@53c5e094, org.springframework.boot.test.mock.mockito.MockitoTestExecutionListener@5ed831da, org.springframework.boot.test.autoconfigure.SpringBootDependencyInjectionTestExecutionListener@55ec84e, org.springframework.test.context.support.DirtiesContextTestExecutionListener@787d5c48, org.springframework.test.context.transaction.TransactionalTestExecutionListener@440d293, org.springframework.test.context.jdbc.SqlScriptsTestExecutionListener@1b097520, org.springframework.test.context.event.EventPublishingTestExecutionListener@6866c2b7, org.springframework.boot.test.autoconfigure.restdocs.RestDocsTestExecutionListener@7a6b5cef, org.springframework.boot.test.autoconfigure.web.client.MockRestServiceServerResetTestExecutionListener@783dcd7b, org.springframework.boot.test.autoconfigure.web.servlet.MockMvcPrintOnlyOnFailureTestExecutionListener@284d0729, org.springframework.boot.test.autoconfigure.web.servlet.WebDriverTestExecutionListener@76e00bed, org.springframework.boot.test.autoconfigure.webservices.client.MockWebServiceServerTestExecutionListener@564cbdfa, org.springframework.boot.test.mock.mockito.ResetMocksTestExecutionListener@400ce45d]
11:12:23.734 [Test worker] DEBUG org.springframework.test.context.support.AbstractDirtiesContextTestExecutionListener - Before test class: context [DefaultTestContext@106d5f24 testClass = ProductsIntegrationTest, testInstance = [null], testMethod = [null], testException = [null], mergedContextConfiguration = [WebMergedContextConfiguration@6b6f9b2c testClass = ProductsIntegrationTest, locations = '{}', classes = '{class com.test.searchService.SearchServiceApplication, class com.test.searchService.domain.service.ProductsServiceImpl}', contextInitializerClasses = '[]', activeProfiles = '{}', propertySourceLocations = '{}', propertySourceProperties = '{org.springframework.boot.test.context.SpringBootTestContextBootstrapper=true}', contextCustomizers = set[org.springframework.boot.test.autoconfigure.properties.PropertyMappingContextCustomizer@0, org.springframework.boot.test.autoconfigure.web.servlet.WebDriverContextCustomizerFactory$Customizer@75b189fe, org.springframework.boot.test.context.filter.ExcludeFilterContextCustomizer@16f920cb, org.springframework.boot.test.json.DuplicateJsonObjectContextCustomizerFactory$DuplicateJsonObjectContextCustomizer@4c5da41, org.springframework.boot.test.mock.mockito.MockitoContextCustomizer@4b54abe4, org.springframework.boot.test.web.client.TestRestTemplateContextCustomizer@717909a, org.springframework.boot.test.context.SpringBootTestArgs@1, org.springframework.boot.test.context.SpringBootTestWebEnvironment@3e2dd20], resourceBasePath = 'src/main/webapp', contextLoader = 'org.springframework.boot.test.context.SpringBootContextLoader', parent = [null]], attributes = map['org.springframework.test.context.web.ServletTestExecutionListener.activateListener' -> false]], class annotated with @DirtiesContext [false] with mode [null].
11:12:23.797 [Test worker] DEBUG org.springframework.test.context.support.TestPropertySourceUtils - Adding inlined properties to environment: {spring.jmx.enabled=false, org.springframework.boot.test.context.SpringBootTestContextBootstrapper=true}

  .   ____          _            __ _ _
 /\\ / ___'_ __ _ _(_)_ __  __ _ \ \ \ \
( ( )\___ | '_ | '_| | '_ \/ _` | \ \ \ \
 \\/  ___)| |_)| | | | | || (_| |  ) ) ) )
  '  |____| .__|_| |_|_| |_\__, | / / / /
 =========|_|==============|___/=/_/_/_/
 :: Spring Boot ::        (v2.3.5.RELEASE)

2020-11-07 11:12:24.305  INFO 34439 --- [    Test worker] i.c.t.s.ProductsIntegrationTest          : Starting ProductsIntegrationTest on CL-IT00308 with PID 34439 (started by marcos.heredia in /Users/marcos.heredia/Documents/worckspace/Marcos/testSearchService)
2020-11-07 11:12:24.307  INFO 34439 --- [    Test worker] i.c.t.s.ProductsIntegrationTest          : No active profile set, falling back to default profiles: default
2020-11-07 11:12:25.254  INFO 34439 --- [    Test worker] .s.d.r.c.RepositoryConfigurationDelegate : Bootstrapping Spring Data MongoDB repositories in DEFAULT mode.
2020-11-07 11:12:25.629  INFO 34439 --- [    Test worker] .s.d.r.c.RepositoryConfigurationDelegate : Finished Spring Data repository scanning in 367ms. Found 1 MongoDB repository interfaces.
2020-11-07 11:12:27.245  INFO 34439 --- [    Test worker] o.s.b.w.embedded.tomcat.TomcatWebServer  : Tomcat initialized with port(s): 8080 (http)
2020-11-07 11:12:27.269  INFO 34439 --- [    Test worker] o.apache.catalina.core.StandardService   : Starting service [Tomcat]
2020-11-07 11:12:27.270  INFO 34439 --- [    Test worker] org.apache.catalina.core.StandardEngine  : Starting Servlet engine: [Apache Tomcat/9.0.39]
2020-11-07 11:12:27.479  INFO 34439 --- [    Test worker] o.a.c.c.C.[Tomcat].[localhost].[/]       : Initializing Spring embedded WebApplicationContext
2020-11-07 11:12:27.480  INFO 34439 --- [    Test worker] w.s.c.ServletWebServerApplicationContext : Root WebApplicationContext: initialization completed in 3136 ms
2020-11-07 11:12:28.213  INFO 34439 --- [    Test worker] o.s.s.concurrent.ThreadPoolTaskExecutor  : Initializing ExecutorService 'applicationTaskExecutor'
2020-11-07 11:12:28.717  INFO 34439 --- [    Test worker] org.mongodb.driver.cluster               : Cluster created with settings {hosts=[127.0.0.1:27017], srvHost=cluster0.aiwpw.mongodb.net, mode=MULTIPLE, requiredClusterType=REPLICA_SET, serverSelectionTimeout='30000 ms', requiredReplicaSetName='atlas-q9m2h1-shard-0'}
2020-11-07 11:12:28.808  INFO 34439 --- [wpw.mongodb.net] org.mongodb.driver.cluster               : Adding discovered server cluster0-shard-00-02.aiwpw.mongodb.net:27017 to client view of cluster
2020-11-07 11:12:28.859  INFO 34439 --- [wpw.mongodb.net] org.mongodb.driver.cluster               : Adding discovered server cluster0-shard-00-00.aiwpw.mongodb.net:27017 to client view of cluster
2020-11-07 11:12:28.861  INFO 34439 --- [wpw.mongodb.net] org.mongodb.driver.cluster               : Adding discovered server cluster0-shard-00-01.aiwpw.mongodb.net:27017 to client view of cluster
2020-11-07 11:12:29.672  INFO 34439 --- [    Test worker] o.s.b.w.embedded.tomcat.TomcatWebServer  : Tomcat started on port(s): 8080 (http) with context path ''
2020-11-07 11:12:29.696  INFO 34439 --- [    Test worker] i.c.t.s.ProductsIntegrationTest          : Started ProductsIntegrationTest in 5.891 seconds (JVM running for 7.827)
2020-11-07 11:12:30.085  INFO 34439 --- [ngodb.net:27017] org.mongodb.driver.connection            : Opened connection [connectionId{localValue:1, serverValue:27790}] to cluster0-shard-00-01.aiwpw.mongodb.net:27017
2020-11-07 11:12:30.085  INFO 34439 --- [ngodb.net:27017] org.mongodb.driver.connection            : Opened connection [connectionId{localValue:3, serverValue:24958}] to cluster0-shard-00-02.aiwpw.mongodb.net:27017
2020-11-07 11:12:30.091  INFO 34439 --- [ngodb.net:27017] org.mongodb.driver.connection            : Opened connection [connectionId{localValue:2, serverValue:26757}] to cluster0-shard-00-00.aiwpw.mongodb.net:27017
2020-11-07 11:12:30.188  INFO 34439 --- [nio-8080-exec-1] o.a.c.c.C.[Tomcat].[localhost].[/]       : Initializing Spring DispatcherServlet 'dispatcherServlet'
2020-11-07 11:12:30.188  INFO 34439 --- [nio-8080-exec-1] o.s.web.servlet.DispatcherServlet        : Initializing Servlet 'dispatcherServlet'
2020-11-07 11:12:30.219  INFO 34439 --- [nio-8080-exec-1] o.s.web.servlet.DispatcherServlet        : Completed initialization in 30 ms
2020-11-07 11:12:30.302  INFO 34439 --- [ngodb.net:27017] org.mongodb.driver.cluster               : Monitor thread successfully connected to server with description ServerDescription{address=cluster0-shard-00-02.aiwpw.mongodb.net:27017, type=REPLICA_SET_SECONDARY, state=CONNECTED, ok=true, minWireVersion=0, maxWireVersion=8, maxDocumentSize=16777216, logicalSessionTimeoutMinutes=30, roundTripTimeNanos=212091096, setName='atlas-q9m2h1-shard-0', canonicalAddress=cluster0-shard-00-02.aiwpw.mongodb.net:27017, hosts=[cluster0-shard-00-00.aiwpw.mongodb.net:27017, cluster0-shard-00-02.aiwpw.mongodb.net:27017, cluster0-shard-00-01.aiwpw.mongodb.net:27017], passives=[], arbiters=[], primary='cluster0-shard-00-01.aiwpw.mongodb.net:27017', tagSet=TagSet{[Tag{name='nodeType', value='ELECTABLE'}, Tag{name='provider', value='AWS'}, Tag{name='region', value='US_EAST_1'}, Tag{name='workloadType', value='OPERATIONAL'}]}, electionId=null, setVersion=1, lastWriteDate=Sat Nov 07 11:12:41 CLST 2020, lastUpdateTimeNanos=1752045604414893}
2020-11-07 11:12:30.302  INFO 34439 --- [ngodb.net:27017] org.mongodb.driver.cluster               : Monitor thread successfully connected to server with description ServerDescription{address=cluster0-shard-00-01.aiwpw.mongodb.net:27017, type=REPLICA_SET_PRIMARY, state=CONNECTED, ok=true, minWireVersion=0, maxWireVersion=8, maxDocumentSize=16777216, logicalSessionTimeoutMinutes=30, roundTripTimeNanos=213076730, setName='atlas-q9m2h1-shard-0', canonicalAddress=cluster0-shard-00-01.aiwpw.mongodb.net:27017, hosts=[cluster0-shard-00-00.aiwpw.mongodb.net:27017, cluster0-shard-00-02.aiwpw.mongodb.net:27017, cluster0-shard-00-01.aiwpw.mongodb.net:27017], passives=[], arbiters=[], primary='cluster0-shard-00-01.aiwpw.mongodb.net:27017', tagSet=TagSet{[Tag{name='nodeType', value='ELECTABLE'}, Tag{name='provider', value='AWS'}, Tag{name='region', value='US_EAST_1'}, Tag{name='workloadType', value='OPERATIONAL'}]}, electionId=7fffffff0000000000000004, setVersion=1, lastWriteDate=Sat Nov 07 11:12:41 CLST 2020, lastUpdateTimeNanos=1752045604414690}
2020-11-07 11:12:30.302  INFO 34439 --- [ngodb.net:27017] org.mongodb.driver.cluster               : Monitor thread successfully connected to server with description ServerDescription{address=cluster0-shard-00-00.aiwpw.mongodb.net:27017, type=REPLICA_SET_SECONDARY, state=CONNECTED, ok=true, minWireVersion=0, maxWireVersion=8, maxDocumentSize=16777216, logicalSessionTimeoutMinutes=30, roundTripTimeNanos=207092718, setName='atlas-q9m2h1-shard-0', canonicalAddress=cluster0-shard-00-00.aiwpw.mongodb.net:27017, hosts=[cluster0-shard-00-00.aiwpw.mongodb.net:27017, cluster0-shard-00-02.aiwpw.mongodb.net:27017, cluster0-shard-00-01.aiwpw.mongodb.net:27017], passives=[], arbiters=[], primary='cluster0-shard-00-01.aiwpw.mongodb.net:27017', tagSet=TagSet{[Tag{name='nodeType', value='ELECTABLE'}, Tag{name='provider', value='AWS'}, Tag{name='region', value='US_EAST_1'}, Tag{name='workloadType', value='OPERATIONAL'}]}, electionId=null, setVersion=1, lastWriteDate=Sat Nov 07 11:12:41 CLST 2020, lastUpdateTimeNanos=1752045604414893}
2020-11-07 11:12:30.305  INFO 34439 --- [ngodb.net:27017] org.mongodb.driver.cluster               : Setting max election id to 7fffffff0000000000000004 from replica set primary cluster0-shard-00-01.aiwpw.mongodb.net:27017
2020-11-07 11:12:30.305  INFO 34439 --- [ngodb.net:27017] org.mongodb.driver.cluster               : Setting max set version to 1 from replica set primary cluster0-shard-00-01.aiwpw.mongodb.net:27017
2020-11-07 11:12:30.306  INFO 34439 --- [ngodb.net:27017] org.mongodb.driver.cluster               : Discovered replica set primary cluster0-shard-00-01.aiwpw.mongodb.net:27017
]]></system-out>
  <system-err><![CDATA[]]></system-err>
</testsuite>
