<?xml version="1.0" encoding="UTF-8"?>
<testsuite name="integration.com.test.searchService.ProductsIntegrationTest" tests="1" skipped="0" failures="0" errors="0" timestamp="2020-11-07T14:01:42" hostname="CL-IT00308" time="0.611">
  <properties/>
  <testcase name="corsWithAnnotation()" classname="integration.com.test.searchService.ProductsIntegrationTest" time="0.611"/>
  <system-out><![CDATA[11:01:35.756 [Test worker] DEBUG org.springframework.test.context.BootstrapUtils - Instantiating CacheAwareContextLoaderDelegate from class [org.springframework.test.context.cache.DefaultCacheAwareContextLoaderDelegate]
11:01:35.775 [Test worker] DEBUG org.springframework.test.context.BootstrapUtils - Instantiating BootstrapContext using constructor [public org.springframework.test.context.support.DefaultBootstrapContext(java.lang.Class,org.springframework.test.context.CacheAwareContextLoaderDelegate)]
11:01:35.820 [Test worker] DEBUG org.springframework.test.context.BootstrapUtils - Instantiating TestContextBootstrapper for test class [integration.com.test.searchService.ProductsIntegrationTest] from class [org.springframework.boot.test.context.SpringBootTestContextBootstrapper]
11:01:35.857 [Test worker] DEBUG org.springframework.test.context.support.AbstractContextLoader - Did not detect default resource location for test class [integration.com.test.searchService.ProductsIntegrationTest]: class path resource [integration/com/test/searchService/ProductsIntegrationTest-context.xml] does not exist
11:01:35.858 [Test worker] DEBUG org.springframework.test.context.support.AbstractContextLoader - Did not detect default resource location for test class [integration.com.test.searchService.ProductsIntegrationTest]: class path resource [integration/com/test/searchService/ProductsIntegrationTestContext.groovy] does not exist
11:01:35.858 [Test worker] INFO org.springframework.test.context.support.AbstractContextLoader - Could not detect default resource locations for test class [integration.com.test.searchService.ProductsIntegrationTest]: no resource found for suffixes {-context.xml, Context.groovy}.
11:01:35.927 [Test worker] DEBUG org.springframework.test.context.support.ActiveProfilesUtils - Could not find an 'annotation declaring class' for annotation type [org.springframework.test.context.ActiveProfiles] and class [integration.com.test.searchService.ProductsIntegrationTest]
11:01:36.118 [Test worker] DEBUG org.springframework.boot.test.context.SpringBootTestContextBootstrapper - @TestExecutionListeners is not present for class [integration.com.test.searchService.ProductsIntegrationTest]: using defaults.
11:01:36.120 [Test worker] INFO org.springframework.boot.test.context.SpringBootTestContextBootstrapper - Loaded default TestExecutionListener class names from location [META-INF/spring.factories]: [org.springframework.boot.test.autoconfigure.restdocs.RestDocsTestExecutionListener, org.springframework.boot.test.autoconfigure.web.client.MockRestServiceServerResetTestExecutionListener, org.springframework.boot.test.autoconfigure.web.servlet.MockMvcPrintOnlyOnFailureTestExecutionListener, org.springframework.boot.test.autoconfigure.web.servlet.WebDriverTestExecutionListener, org.springframework.boot.test.autoconfigure.webservices.client.MockWebServiceServerTestExecutionListener, org.springframework.boot.test.mock.mockito.MockitoTestExecutionListener, org.springframework.boot.test.mock.mockito.ResetMocksTestExecutionListener, org.springframework.test.context.web.ServletTestExecutionListener, org.springframework.test.context.support.DirtiesContextBeforeModesTestExecutionListener, org.springframework.test.context.support.DependencyInjectionTestExecutionListener, org.springframework.test.context.support.DirtiesContextTestExecutionListener, org.springframework.test.context.transaction.TransactionalTestExecutionListener, org.springframework.test.context.jdbc.SqlScriptsTestExecutionListener, org.springframework.test.context.event.EventPublishingTestExecutionListener]
11:01:36.144 [Test worker] INFO org.springframework.boot.test.context.SpringBootTestContextBootstrapper - Using TestExecutionListeners: [org.springframework.test.context.web.ServletTestExecutionListener@288ba440, org.springframework.test.context.support.DirtiesContextBeforeModesTestExecutionListener@3c16724, org.springframework.boot.test.mock.mockito.MockitoTestExecutionListener@23962a0c, org.springframework.boot.test.autoconfigure.SpringBootDependencyInjectionTestExecutionListener@23ed5384, org.springframework.test.context.support.DirtiesContextTestExecutionListener@56b15a1d, org.springframework.test.context.transaction.TransactionalTestExecutionListener@5ec1ffa8, org.springframework.test.context.jdbc.SqlScriptsTestExecutionListener@4c957836, org.springframework.test.context.event.EventPublishingTestExecutionListener@5ad6353, org.springframework.boot.test.autoconfigure.restdocs.RestDocsTestExecutionListener@5990a049, org.springframework.boot.test.autoconfigure.web.client.MockRestServiceServerResetTestExecutionListener@8fd386c, org.springframework.boot.test.autoconfigure.web.servlet.MockMvcPrintOnlyOnFailureTestExecutionListener@6fceb58d, org.springframework.boot.test.autoconfigure.web.servlet.WebDriverTestExecutionListener@197e4dc, org.springframework.boot.test.autoconfigure.webservices.client.MockWebServiceServerTestExecutionListener@5d599e4f, org.springframework.boot.test.mock.mockito.ResetMocksTestExecutionListener@3c06f3d0]
11:01:36.149 [Test worker] DEBUG org.springframework.test.context.support.AbstractDirtiesContextTestExecutionListener - Before test class: context [DefaultTestContext@3df5714 testClass = ProductsIntegrationTest, testInstance = [null], testMethod = [null], testException = [null], mergedContextConfiguration = [WebMergedContextConfiguration@4dd335a9 testClass = ProductsIntegrationTest, locations = '{}', classes = '{class com.test.searchService.SearchServiceApplication, class com.test.searchService.domain.service.ProductsServiceImpl}', contextInitializerClasses = '[]', activeProfiles = '{}', propertySourceLocations = '{}', propertySourceProperties = '{org.springframework.boot.test.context.SpringBootTestContextBootstrapper=true}', contextCustomizers = set[org.springframework.boot.test.autoconfigure.properties.PropertyMappingContextCustomizer@0, org.springframework.boot.test.autoconfigure.web.servlet.WebDriverContextCustomizerFactory$Customizer@2de4486e, org.springframework.boot.test.context.filter.ExcludeFilterContextCustomizer@6f6e1de1, org.springframework.boot.test.json.DuplicateJsonObjectContextCustomizerFactory$DuplicateJsonObjectContextCustomizer@1c716785, org.springframework.boot.test.mock.mockito.MockitoContextCustomizer@514778a1, org.springframework.boot.test.web.client.TestRestTemplateContextCustomizer@4ef1acbe, org.springframework.boot.test.context.SpringBootTestArgs@1, org.springframework.boot.test.context.SpringBootTestWebEnvironment@2be68f], resourceBasePath = 'src/main/webapp', contextLoader = 'org.springframework.boot.test.context.SpringBootContextLoader', parent = [null]], attributes = map['org.springframework.test.context.web.ServletTestExecutionListener.activateListener' -> false]], class annotated with @DirtiesContext [false] with mode [null].
11:01:36.201 [Test worker] DEBUG org.springframework.test.context.support.TestPropertySourceUtils - Adding inlined properties to environment: {spring.jmx.enabled=false, org.springframework.boot.test.context.SpringBootTestContextBootstrapper=true}

  .   ____          _            __ _ _
 /\\ / ___'_ __ _ _(_)_ __  __ _ \ \ \ \
( ( )\___ | '_ | '_| | '_ \/ _` | \ \ \ \
 \\/  ___)| |_)| | | | | || (_| |  ) ) ) )
  '  |____| .__|_| |_|_| |_\__, | / / / /
 =========|_|==============|___/=/_/_/_/
 :: Spring Boot ::        (v2.3.5.RELEASE)

2020-11-07 11:01:36.720  INFO 34225 --- [    Test worker] i.c.t.s.ProductsIntegrationTest          : Starting ProductsIntegrationTest on CL-IT00308 with PID 34225 (started by marcos.heredia in /Users/marcos.heredia/Documents/worckspace/Marcos/testSearchService)
2020-11-07 11:01:36.723  INFO 34225 --- [    Test worker] i.c.t.s.ProductsIntegrationTest          : No active profile set, falling back to default profiles: default
2020-11-07 11:01:37.690  INFO 34225 --- [    Test worker] .s.d.r.c.RepositoryConfigurationDelegate : Bootstrapping Spring Data MongoDB repositories in DEFAULT mode.
2020-11-07 11:01:38.149  INFO 34225 --- [    Test worker] .s.d.r.c.RepositoryConfigurationDelegate : Finished Spring Data repository scanning in 450ms. Found 1 MongoDB repository interfaces.
2020-11-07 11:01:39.949  INFO 34225 --- [    Test worker] o.s.b.w.embedded.tomcat.TomcatWebServer  : Tomcat initialized with port(s): 8080 (http)
2020-11-07 11:01:39.974  INFO 34225 --- [    Test worker] o.apache.catalina.core.StandardService   : Starting service [Tomcat]
2020-11-07 11:01:39.975  INFO 34225 --- [    Test worker] org.apache.catalina.core.StandardEngine  : Starting Servlet engine: [Apache Tomcat/9.0.39]
2020-11-07 11:01:40.174  INFO 34225 --- [    Test worker] o.a.c.c.C.[Tomcat].[localhost].[/]       : Initializing Spring embedded WebApplicationContext
2020-11-07 11:01:40.174  INFO 34225 --- [    Test worker] w.s.c.ServletWebServerApplicationContext : Root WebApplicationContext: initialization completed in 3412 ms
2020-11-07 11:01:40.813  INFO 34225 --- [    Test worker] o.s.s.concurrent.ThreadPoolTaskExecutor  : Initializing ExecutorService 'applicationTaskExecutor'
2020-11-07 11:01:41.295  INFO 34225 --- [    Test worker] org.mongodb.driver.cluster               : Cluster created with settings {hosts=[127.0.0.1:27017], srvHost=cluster0.aiwpw.mongodb.net, mode=MULTIPLE, requiredClusterType=REPLICA_SET, serverSelectionTimeout='30000 ms', requiredReplicaSetName='atlas-q9m2h1-shard-0'}
2020-11-07 11:01:41.384  INFO 34225 --- [wpw.mongodb.net] org.mongodb.driver.cluster               : Adding discovered server cluster0-shard-00-02.aiwpw.mongodb.net:27017 to client view of cluster
2020-11-07 11:01:41.432  INFO 34225 --- [wpw.mongodb.net] org.mongodb.driver.cluster               : Adding discovered server cluster0-shard-00-00.aiwpw.mongodb.net:27017 to client view of cluster
2020-11-07 11:01:41.434  INFO 34225 --- [wpw.mongodb.net] org.mongodb.driver.cluster               : Adding discovered server cluster0-shard-00-01.aiwpw.mongodb.net:27017 to client view of cluster
2020-11-07 11:01:42.156  INFO 34225 --- [    Test worker] o.s.b.w.embedded.tomcat.TomcatWebServer  : Tomcat started on port(s): 8080 (http) with context path ''
2020-11-07 11:01:42.179  INFO 34225 --- [    Test worker] i.c.t.s.ProductsIntegrationTest          : Started ProductsIntegrationTest in 5.973 seconds (JVM running for 7.738)
2020-11-07 11:01:42.611  INFO 34225 --- [nio-8080-exec-1] o.a.c.c.C.[Tomcat].[localhost].[/]       : Initializing Spring DispatcherServlet 'dispatcherServlet'
2020-11-07 11:01:42.611  INFO 34225 --- [nio-8080-exec-1] o.s.web.servlet.DispatcherServlet        : Initializing Servlet 'dispatcherServlet'
2020-11-07 11:01:42.642  INFO 34225 --- [ngodb.net:27017] org.mongodb.driver.connection            : Opened connection [connectionId{localValue:1, serverValue:30234}] to cluster0-shard-00-00.aiwpw.mongodb.net:27017
2020-11-07 11:01:42.642  INFO 34225 --- [ngodb.net:27017] org.mongodb.driver.connection            : Opened connection [connectionId{localValue:3, serverValue:31221}] to cluster0-shard-00-01.aiwpw.mongodb.net:27017
2020-11-07 11:01:42.642  INFO 34225 --- [ngodb.net:27017] org.mongodb.driver.connection            : Opened connection [connectionId{localValue:2, serverValue:26379}] to cluster0-shard-00-02.aiwpw.mongodb.net:27017
2020-11-07 11:01:42.647  INFO 34225 --- [nio-8080-exec-1] o.s.web.servlet.DispatcherServlet        : Completed initialization in 36 ms
2020-11-07 11:01:42.792  INFO 34225 --- [ngodb.net:27017] org.mongodb.driver.cluster               : Monitor thread successfully connected to server with description ServerDescription{address=cluster0-shard-00-02.aiwpw.mongodb.net:27017, type=REPLICA_SET_SECONDARY, state=CONNECTED, ok=true, minWireVersion=0, maxWireVersion=8, maxDocumentSize=16777216, logicalSessionTimeoutMinutes=30, roundTripTimeNanos=146375455, setName='atlas-q9m2h1-shard-0', canonicalAddress=cluster0-shard-00-02.aiwpw.mongodb.net:27017, hosts=[cluster0-shard-00-00.aiwpw.mongodb.net:27017, cluster0-shard-00-02.aiwpw.mongodb.net:27017, cluster0-shard-00-01.aiwpw.mongodb.net:27017], passives=[], arbiters=[], primary='cluster0-shard-00-01.aiwpw.mongodb.net:27017', tagSet=TagSet{[Tag{name='nodeType', value='ELECTABLE'}, Tag{name='provider', value='AWS'}, Tag{name='region', value='US_EAST_1'}, Tag{name='workloadType', value='OPERATIONAL'}]}, electionId=null, setVersion=1, lastWriteDate=Sat Nov 07 11:01:53 CLST 2020, lastUpdateTimeNanos=1751398095007361}
2020-11-07 11:01:42.810  INFO 34225 --- [ngodb.net:27017] org.mongodb.driver.cluster               : Monitor thread successfully connected to server with description ServerDescription{address=cluster0-shard-00-01.aiwpw.mongodb.net:27017, type=REPLICA_SET_PRIMARY, state=CONNECTED, ok=true, minWireVersion=0, maxWireVersion=8, maxDocumentSize=16777216, logicalSessionTimeoutMinutes=30, roundTripTimeNanos=166351648, setName='atlas-q9m2h1-shard-0', canonicalAddress=cluster0-shard-00-01.aiwpw.mongodb.net:27017, hosts=[cluster0-shard-00-00.aiwpw.mongodb.net:27017, cluster0-shard-00-02.aiwpw.mongodb.net:27017, cluster0-shard-00-01.aiwpw.mongodb.net:27017], passives=[], arbiters=[], primary='cluster0-shard-00-01.aiwpw.mongodb.net:27017', tagSet=TagSet{[Tag{name='nodeType', value='ELECTABLE'}, Tag{name='provider', value='AWS'}, Tag{name='region', value='US_EAST_1'}, Tag{name='workloadType', value='OPERATIONAL'}]}, electionId=7fffffff0000000000000004, setVersion=1, lastWriteDate=Sat Nov 07 11:01:53 CLST 2020, lastUpdateTimeNanos=1751398114192192}
2020-11-07 11:01:42.810  INFO 34225 --- [ngodb.net:27017] org.mongodb.driver.cluster               : Setting max election id to 7fffffff0000000000000004 from replica set primary cluster0-shard-00-01.aiwpw.mongodb.net:27017
2020-11-07 11:01:42.811  INFO 34225 --- [ngodb.net:27017] org.mongodb.driver.cluster               : Setting max set version to 1 from replica set primary cluster0-shard-00-01.aiwpw.mongodb.net:27017
2020-11-07 11:01:42.811  INFO 34225 --- [ngodb.net:27017] org.mongodb.driver.cluster               : Discovered replica set primary cluster0-shard-00-01.aiwpw.mongodb.net:27017
]]></system-out>
  <system-err><![CDATA[]]></system-err>
</testsuite>
