<?xml version="1.0" encoding="UTF-8"?>
<testsuite name="com.test.searchService.presentation.endpoints.ProductsControllersTest" tests="3" skipped="0" failures="0" errors="0" timestamp="2020-11-05T00:24:42" hostname="CL-IT00308" time="0.013">
  <properties/>
  <testcase name="getProductsWithIncorrectBrandThemReturnEmptyList()" classname="com.test.searchService.presentation.endpoints.ProductsControllersTest" time="0.005"/>
  <testcase name="getProductsWithPalindromeBrandThemReturnList()" classname="com.test.searchService.presentation.endpoints.ProductsControllersTest" time="0.004"/>
  <testcase name="getProductsWithCorrectBrandThemReturnList()" classname="com.test.searchService.presentation.endpoints.ProductsControllersTest" time="0.003"/>
  <system-out><![CDATA[]]></system-out>
  <system-err><![CDATA[]]></system-err>
</testsuite>
