<?xml version="1.0" encoding="UTF-8"?>
<testsuite name="com.test.searchService.SearchServiceApplicationTests" tests="1" skipped="0" failures="0" errors="0" timestamp="2020-11-03T20:28:21" hostname="CL-IT00308" time="0.257">
  <properties/>
  <testcase name="contextLoads()" classname="com.test.searchService.SearchServiceApplicationTests" time="0.257"/>
  <system-out><![CDATA[17:28:20.024 [Test worker] DEBUG org.springframework.test.context.BootstrapUtils - Instantiating CacheAwareContextLoaderDelegate from class [org.springframework.test.context.cache.DefaultCacheAwareContextLoaderDelegate]
17:28:20.033 [Test worker] DEBUG org.springframework.test.context.BootstrapUtils - Instantiating BootstrapContext using constructor [public org.springframework.test.context.support.DefaultBootstrapContext(java.lang.Class,org.springframework.test.context.CacheAwareContextLoaderDelegate)]
17:28:20.057 [Test worker] DEBUG org.springframework.test.context.BootstrapUtils - Instantiating TestContextBootstrapper for test class [com.test.searchService.SearchServiceApplicationTests] from class [org.springframework.boot.test.context.SpringBootTestContextBootstrapper]
17:28:20.068 [Test worker] INFO org.springframework.boot.test.context.SpringBootTestContextBootstrapper - Neither @ContextConfiguration nor @ContextHierarchy found for test class [com.test.searchService.SearchServiceApplicationTests], using SpringBootContextLoader
17:28:20.071 [Test worker] DEBUG org.springframework.test.context.support.AbstractContextLoader - Did not detect default resource location for test class [com.test.searchService.SearchServiceApplicationTests]: class path resource [com/test/searchService/SearchServiceApplicationTests-context.xml] does not exist
17:28:20.071 [Test worker] DEBUG org.springframework.test.context.support.AbstractContextLoader - Did not detect default resource location for test class [com.test.searchService.SearchServiceApplicationTests]: class path resource [com/test/searchService/SearchServiceApplicationTestsContext.groovy] does not exist
17:28:20.072 [Test worker] INFO org.springframework.test.context.support.AbstractContextLoader - Could not detect default resource locations for test class [com.test.searchService.SearchServiceApplicationTests]: no resource found for suffixes {-context.xml, Context.groovy}.
17:28:20.072 [Test worker] INFO org.springframework.test.context.support.AnnotationConfigContextLoaderUtils - Could not detect default configuration classes for test class [com.test.searchService.SearchServiceApplicationTests]: SearchServiceApplicationTests does not declare any static, non-private, non-final, nested classes annotated with @Configuration.
17:28:20.098 [Test worker] DEBUG org.springframework.test.context.support.ActiveProfilesUtils - Could not find an 'annotation declaring class' for annotation type [org.springframework.test.context.ActiveProfiles] and class [com.test.searchService.SearchServiceApplicationTests]
17:28:20.142 [Test worker] DEBUG org.springframework.context.annotation.ClassPathScanningCandidateComponentProvider - Identified candidate component class: file [/Users/marcos.heredia/Documents/worckspace/Marcos/testSearchService/build/classes/java/main/com/test/searchService/SearchServiceApplication.class]
17:28:20.143 [Test worker] INFO org.springframework.boot.test.context.SpringBootTestContextBootstrapper - Found @SpringBootConfiguration com.test.searchService.SearchServiceApplication for test class com.test.searchService.SearchServiceApplicationTests
17:28:20.213 [Test worker] DEBUG org.springframework.boot.test.context.SpringBootTestContextBootstrapper - @TestExecutionListeners is not present for class [com.test.searchService.SearchServiceApplicationTests]: using defaults.
17:28:20.214 [Test worker] INFO org.springframework.boot.test.context.SpringBootTestContextBootstrapper - Loaded default TestExecutionListener class names from location [META-INF/spring.factories]: [org.springframework.boot.test.autoconfigure.restdocs.RestDocsTestExecutionListener, org.springframework.boot.test.autoconfigure.web.client.MockRestServiceServerResetTestExecutionListener, org.springframework.boot.test.autoconfigure.web.servlet.MockMvcPrintOnlyOnFailureTestExecutionListener, org.springframework.boot.test.autoconfigure.web.servlet.WebDriverTestExecutionListener, org.springframework.boot.test.autoconfigure.webservices.client.MockWebServiceServerTestExecutionListener, org.springframework.boot.test.mock.mockito.MockitoTestExecutionListener, org.springframework.boot.test.mock.mockito.ResetMocksTestExecutionListener, org.springframework.test.context.web.ServletTestExecutionListener, org.springframework.test.context.support.DirtiesContextBeforeModesTestExecutionListener, org.springframework.test.context.support.DependencyInjectionTestExecutionListener, org.springframework.test.context.support.DirtiesContextTestExecutionListener, org.springframework.test.context.transaction.TransactionalTestExecutionListener, org.springframework.test.context.jdbc.SqlScriptsTestExecutionListener, org.springframework.test.context.event.EventPublishingTestExecutionListener]
17:28:20.221 [Test worker] DEBUG org.springframework.boot.test.context.SpringBootTestContextBootstrapper - Skipping candidate TestExecutionListener [org.springframework.test.context.transaction.TransactionalTestExecutionListener] due to a missing dependency. Specify custom listener classes or make the default listener classes and their required dependencies available. Offending class: [org/springframework/transaction/interceptor/TransactionAttributeSource]
17:28:20.222 [Test worker] DEBUG org.springframework.boot.test.context.SpringBootTestContextBootstrapper - Skipping candidate TestExecutionListener [org.springframework.test.context.jdbc.SqlScriptsTestExecutionListener] due to a missing dependency. Specify custom listener classes or make the default listener classes and their required dependencies available. Offending class: [org/springframework/transaction/interceptor/TransactionAttribute]
17:28:20.222 [Test worker] INFO org.springframework.boot.test.context.SpringBootTestContextBootstrapper - Using TestExecutionListeners: [org.springframework.test.context.web.ServletTestExecutionListener@647e76cb, org.springframework.test.context.support.DirtiesContextBeforeModesTestExecutionListener@2cc1e2b4, org.springframework.boot.test.mock.mockito.MockitoTestExecutionListener@1531a8cb, org.springframework.boot.test.autoconfigure.SpringBootDependencyInjectionTestExecutionListener@338806af, org.springframework.test.context.support.DirtiesContextTestExecutionListener@24d7e63b, org.springframework.test.context.event.EventPublishingTestExecutionListener@7a06457, org.springframework.boot.test.autoconfigure.restdocs.RestDocsTestExecutionListener@1f4fe398, org.springframework.boot.test.autoconfigure.web.client.MockRestServiceServerResetTestExecutionListener@6c8133a0, org.springframework.boot.test.autoconfigure.web.servlet.MockMvcPrintOnlyOnFailureTestExecutionListener@777cf635, org.springframework.boot.test.autoconfigure.web.servlet.WebDriverTestExecutionListener@73fab651, org.springframework.boot.test.autoconfigure.webservices.client.MockWebServiceServerTestExecutionListener@1349d895, org.springframework.boot.test.mock.mockito.ResetMocksTestExecutionListener@76b0f56f]
17:28:20.225 [Test worker] DEBUG org.springframework.test.context.support.AbstractDirtiesContextTestExecutionListener - Before test class: context [DefaultTestContext@74f38260 testClass = SearchServiceApplicationTests, testInstance = [null], testMethod = [null], testException = [null], mergedContextConfiguration = [WebMergedContextConfiguration@1ef0f5e2 testClass = SearchServiceApplicationTests, locations = '{}', classes = '{class com.test.searchService.SearchServiceApplication}', contextInitializerClasses = '[]', activeProfiles = '{}', propertySourceLocations = '{}', propertySourceProperties = '{org.springframework.boot.test.context.SpringBootTestContextBootstrapper=true}', contextCustomizers = set[org.springframework.boot.test.autoconfigure.properties.PropertyMappingContextCustomizer@0, org.springframework.boot.test.autoconfigure.web.servlet.WebDriverContextCustomizerFactory$Customizer@202a57e5, org.springframework.boot.test.context.filter.ExcludeFilterContextCustomizer@2553a556, org.springframework.boot.test.json.DuplicateJsonObjectContextCustomizerFactory$DuplicateJsonObjectContextCustomizer@5e4db8fc, org.springframework.boot.test.mock.mockito.MockitoContextCustomizer@0, org.springframework.boot.test.web.client.TestRestTemplateContextCustomizer@67045747, org.springframework.boot.test.context.SpringBootTestArgs@1, org.springframework.boot.test.context.SpringBootTestWebEnvironment@15cd4929], resourceBasePath = 'src/main/webapp', contextLoader = 'org.springframework.boot.test.context.SpringBootContextLoader', parent = [null]], attributes = map['org.springframework.test.context.web.ServletTestExecutionListener.activateListener' -> true]], class annotated with @DirtiesContext [false] with mode [null].
17:28:20.245 [Test worker] DEBUG org.springframework.test.context.support.TestPropertySourceUtils - Adding inlined properties to environment: {spring.jmx.enabled=false, org.springframework.boot.test.context.SpringBootTestContextBootstrapper=true}

  .   ____          _            __ _ _
 /\\ / ___'_ __ _ _(_)_ __  __ _ \ \ \ \
( ( )\___ | '_ | '_| | '_ \/ _` | \ \ \ \
 \\/  ___)| |_)| | | | | || (_| |  ) ) ) )
  '  |____| .__|_| |_|_| |_\__, | / / / /
 =========|_|==============|___/=/_/_/_/
 :: Spring Boot ::        (v2.3.5.RELEASE)

2020-11-03 17:28:20.520  INFO 48482 --- [    Test worker] c.t.s.SearchServiceApplicationTests      : Starting SearchServiceApplicationTests on CL-IT00308 with PID 48482 (started by marcos.heredia in /Users/marcos.heredia/Documents/worckspace/Marcos/testSearchService)
2020-11-03 17:28:20.521  INFO 48482 --- [    Test worker] c.t.s.SearchServiceApplicationTests      : No active profile set, falling back to default profiles: default
2020-11-03 17:28:21.457  INFO 48482 --- [    Test worker] o.s.s.concurrent.ThreadPoolTaskExecutor  : Initializing ExecutorService 'applicationTaskExecutor'
2020-11-03 17:28:21.659  INFO 48482 --- [    Test worker] c.t.s.SearchServiceApplicationTests      : Started SearchServiceApplicationTests in 1.406 seconds (JVM running for 2.304)
]]></system-out>
  <system-err><![CDATA[]]></system-err>
</testsuite>
