<?xml version="1.0" encoding="UTF-8"?>
<testsuite name="integration.com.test.searchService.ProductsIntegrationTest" tests="1" skipped="0" failures="0" errors="0" timestamp="2020-11-07T13:50:11" hostname="CL-IT00308" time="0.599">
  <properties/>
  <testcase name="corsWithAnnotation()" classname="integration.com.test.searchService.ProductsIntegrationTest" time="0.599"/>
  <system-out><![CDATA[10:50:05.736 [Test worker] DEBUG org.springframework.test.context.BootstrapUtils - Instantiating CacheAwareContextLoaderDelegate from class [org.springframework.test.context.cache.DefaultCacheAwareContextLoaderDelegate]
10:50:05.756 [Test worker] DEBUG org.springframework.test.context.BootstrapUtils - Instantiating BootstrapContext using constructor [public org.springframework.test.context.support.DefaultBootstrapContext(java.lang.Class,org.springframework.test.context.CacheAwareContextLoaderDelegate)]
10:50:05.810 [Test worker] DEBUG org.springframework.test.context.BootstrapUtils - Instantiating TestContextBootstrapper for test class [integration.com.test.searchService.ProductsIntegrationTest] from class [org.springframework.boot.test.context.SpringBootTestContextBootstrapper]
10:50:05.846 [Test worker] DEBUG org.springframework.test.context.support.AbstractContextLoader - Did not detect default resource location for test class [integration.com.test.searchService.ProductsIntegrationTest]: class path resource [integration/com/test/searchService/ProductsIntegrationTest-context.xml] does not exist
10:50:05.847 [Test worker] DEBUG org.springframework.test.context.support.AbstractContextLoader - Did not detect default resource location for test class [integration.com.test.searchService.ProductsIntegrationTest]: class path resource [integration/com/test/searchService/ProductsIntegrationTestContext.groovy] does not exist
10:50:05.848 [Test worker] INFO org.springframework.test.context.support.AbstractContextLoader - Could not detect default resource locations for test class [integration.com.test.searchService.ProductsIntegrationTest]: no resource found for suffixes {-context.xml, Context.groovy}.
10:50:05.915 [Test worker] DEBUG org.springframework.test.context.support.ActiveProfilesUtils - Could not find an 'annotation declaring class' for annotation type [org.springframework.test.context.ActiveProfiles] and class [integration.com.test.searchService.ProductsIntegrationTest]
10:50:06.122 [Test worker] DEBUG org.springframework.boot.test.context.SpringBootTestContextBootstrapper - @TestExecutionListeners is not present for class [integration.com.test.searchService.ProductsIntegrationTest]: using defaults.
10:50:06.123 [Test worker] INFO org.springframework.boot.test.context.SpringBootTestContextBootstrapper - Loaded default TestExecutionListener class names from location [META-INF/spring.factories]: [org.springframework.boot.test.autoconfigure.restdocs.RestDocsTestExecutionListener, org.springframework.boot.test.autoconfigure.web.client.MockRestServiceServerResetTestExecutionListener, org.springframework.boot.test.autoconfigure.web.servlet.MockMvcPrintOnlyOnFailureTestExecutionListener, org.springframework.boot.test.autoconfigure.web.servlet.WebDriverTestExecutionListener, org.springframework.boot.test.autoconfigure.webservices.client.MockWebServiceServerTestExecutionListener, org.springframework.boot.test.mock.mockito.MockitoTestExecutionListener, org.springframework.boot.test.mock.mockito.ResetMocksTestExecutionListener, org.springframework.test.context.web.ServletTestExecutionListener, org.springframework.test.context.support.DirtiesContextBeforeModesTestExecutionListener, org.springframework.test.context.support.DependencyInjectionTestExecutionListener, org.springframework.test.context.support.DirtiesContextTestExecutionListener, org.springframework.test.context.transaction.TransactionalTestExecutionListener, org.springframework.test.context.jdbc.SqlScriptsTestExecutionListener, org.springframework.test.context.event.EventPublishingTestExecutionListener]
10:50:06.146 [Test worker] INFO org.springframework.boot.test.context.SpringBootTestContextBootstrapper - Using TestExecutionListeners: [org.springframework.test.context.web.ServletTestExecutionListener@27d5764d, org.springframework.test.context.support.DirtiesContextBeforeModesTestExecutionListener@2b6b9991, org.springframework.boot.test.mock.mockito.MockitoTestExecutionListener@6b914143, org.springframework.boot.test.autoconfigure.SpringBootDependencyInjectionTestExecutionListener@4c32b2d1, org.springframework.test.context.support.DirtiesContextTestExecutionListener@4059c204, org.springframework.test.context.transaction.TransactionalTestExecutionListener@37097c8f, org.springframework.test.context.jdbc.SqlScriptsTestExecutionListener@56f3a874, org.springframework.test.context.event.EventPublishingTestExecutionListener@f8e2c41, org.springframework.boot.test.autoconfigure.restdocs.RestDocsTestExecutionListener@1498656, org.springframework.boot.test.autoconfigure.web.client.MockRestServiceServerResetTestExecutionListener@7d587ff4, org.springframework.boot.test.autoconfigure.web.servlet.MockMvcPrintOnlyOnFailureTestExecutionListener@36a3c823, org.springframework.boot.test.autoconfigure.web.servlet.WebDriverTestExecutionListener@48310692, org.springframework.boot.test.autoconfigure.webservices.client.MockWebServiceServerTestExecutionListener@58742f4, org.springframework.boot.test.mock.mockito.ResetMocksTestExecutionListener@3b9e2a6f]
10:50:06.152 [Test worker] DEBUG org.springframework.test.context.support.AbstractDirtiesContextTestExecutionListener - Before test class: context [DefaultTestContext@652a8485 testClass = ProductsIntegrationTest, testInstance = [null], testMethod = [null], testException = [null], mergedContextConfiguration = [WebMergedContextConfiguration@5f7e159d testClass = ProductsIntegrationTest, locations = '{}', classes = '{class com.test.searchService.SearchServiceApplication, class com.test.searchService.domain.service.ProductsServiceImpl}', contextInitializerClasses = '[]', activeProfiles = '{}', propertySourceLocations = '{}', propertySourceProperties = '{org.springframework.boot.test.context.SpringBootTestContextBootstrapper=true}', contextCustomizers = set[org.springframework.boot.test.autoconfigure.properties.PropertyMappingContextCustomizer@0, org.springframework.boot.test.autoconfigure.web.servlet.WebDriverContextCustomizerFactory$Customizer@70b05e59, org.springframework.boot.test.context.filter.ExcludeFilterContextCustomizer@57c43183, org.springframework.boot.test.json.DuplicateJsonObjectContextCustomizerFactory$DuplicateJsonObjectContextCustomizer@782cedf, org.springframework.boot.test.mock.mockito.MockitoContextCustomizer@d7be7c98, org.springframework.boot.test.web.client.TestRestTemplateContextCustomizer@6b5fe2b5, org.springframework.boot.test.context.SpringBootTestArgs@1, org.springframework.boot.test.context.SpringBootTestWebEnvironment@43942e4c], resourceBasePath = 'src/main/webapp', contextLoader = 'org.springframework.boot.test.context.SpringBootContextLoader', parent = [null]], attributes = map['org.springframework.test.context.web.ServletTestExecutionListener.activateListener' -> false]], class annotated with @DirtiesContext [false] with mode [null].
10:50:06.209 [Test worker] DEBUG org.springframework.test.context.support.TestPropertySourceUtils - Adding inlined properties to environment: {spring.jmx.enabled=false, org.springframework.boot.test.context.SpringBootTestContextBootstrapper=true}

  .   ____          _            __ _ _
 /\\ / ___'_ __ _ _(_)_ __  __ _ \ \ \ \
( ( )\___ | '_ | '_| | '_ \/ _` | \ \ \ \
 \\/  ___)| |_)| | | | | || (_| |  ) ) ) )
  '  |____| .__|_| |_|_| |_\__, | / / / /
 =========|_|==============|___/=/_/_/_/
 :: Spring Boot ::        (v2.3.5.RELEASE)

2020-11-07 10:50:06.674  INFO 34044 --- [    Test worker] i.c.t.s.ProductsIntegrationTest          : Starting ProductsIntegrationTest on CL-IT00308 with PID 34044 (started by marcos.heredia in /Users/marcos.heredia/Documents/worckspace/Marcos/testSearchService)
2020-11-07 10:50:06.676  INFO 34044 --- [    Test worker] i.c.t.s.ProductsIntegrationTest          : No active profile set, falling back to default profiles: default
2020-11-07 10:50:07.506  INFO 34044 --- [    Test worker] .s.d.r.c.RepositoryConfigurationDelegate : Bootstrapping Spring Data MongoDB repositories in DEFAULT mode.
2020-11-07 10:50:07.809  INFO 34044 --- [    Test worker] .s.d.r.c.RepositoryConfigurationDelegate : Finished Spring Data repository scanning in 295ms. Found 1 MongoDB repository interfaces.
2020-11-07 10:50:09.436  INFO 34044 --- [    Test worker] o.s.b.w.embedded.tomcat.TomcatWebServer  : Tomcat initialized with port(s): 8080 (http)
2020-11-07 10:50:09.459  INFO 34044 --- [    Test worker] o.apache.catalina.core.StandardService   : Starting service [Tomcat]
2020-11-07 10:50:09.460  INFO 34044 --- [    Test worker] org.apache.catalina.core.StandardEngine  : Starting Servlet engine: [Apache Tomcat/9.0.39]
2020-11-07 10:50:09.674  INFO 34044 --- [    Test worker] o.a.c.c.C.[Tomcat].[localhost].[/]       : Initializing Spring embedded WebApplicationContext
2020-11-07 10:50:09.674  INFO 34044 --- [    Test worker] w.s.c.ServletWebServerApplicationContext : Root WebApplicationContext: initialization completed in 2965 ms
2020-11-07 10:50:10.441  INFO 34044 --- [    Test worker] o.s.s.concurrent.ThreadPoolTaskExecutor  : Initializing ExecutorService 'applicationTaskExecutor'
2020-11-07 10:50:10.870  INFO 34044 --- [    Test worker] org.mongodb.driver.cluster               : Cluster created with settings {hosts=[localhost:27017], mode=SINGLE, requiredClusterType=UNKNOWN, serverSelectionTimeout='30000 ms'}
2020-11-07 10:50:11.005  INFO 34044 --- [localhost:27017] org.mongodb.driver.connection            : Opened connection [connectionId{localValue:1, serverValue:136}] to localhost:27017
2020-11-07 10:50:11.017  INFO 34044 --- [localhost:27017] org.mongodb.driver.cluster               : Monitor thread successfully connected to server with description ServerDescription{address=localhost:27017, type=STANDALONE, state=CONNECTED, ok=true, minWireVersion=0, maxWireVersion=6, maxDocumentSize=16777216, logicalSessionTimeoutMinutes=30, roundTripTimeNanos=8301995}
2020-11-07 10:50:11.912  INFO 34044 --- [    Test worker] o.s.b.w.embedded.tomcat.TomcatWebServer  : Tomcat started on port(s): 8080 (http) with context path ''
2020-11-07 10:50:11.928  INFO 34044 --- [    Test worker] i.c.t.s.ProductsIntegrationTest          : Started ProductsIntegrationTest in 5.712 seconds (JVM running for 7.503)
2020-11-07 10:50:12.291  INFO 34044 --- [nio-8080-exec-1] o.a.c.c.C.[Tomcat].[localhost].[/]       : Initializing Spring DispatcherServlet 'dispatcherServlet'
2020-11-07 10:50:12.292  INFO 34044 --- [nio-8080-exec-1] o.s.web.servlet.DispatcherServlet        : Initializing Servlet 'dispatcherServlet'
2020-11-07 10:50:12.324  INFO 34044 --- [nio-8080-exec-1] o.s.web.servlet.DispatcherServlet        : Completed initialization in 32 ms
]]></system-out>
  <system-err><![CDATA[]]></system-err>
</testsuite>
